<!DOCTYPE html PUBLIC "-//W3C//DTD XHTML 1.1//EN" "https://www.w3.org/TR/xhtml11/DTD/xhtml11.dtd">
<html xmlns="https://www.w3.org/1999/xhtml">
<head>
<meta http-equiv="content-type" content="text/html; charset=UTF-8"/>
<title>TestNG Report</title>
<style type="text/css">table {margin-bottom:10px;border-collapse:collapse;empty-cells:show}th,td {border:1px solid #009;padding:.25em .5em}th {vertical-align:bottom}td {vertical-align:top}table a {font-weight:bold}.stripe td {background-color: #E6EBF9}.num {text-align:right}.passedodd td {background-color: #3F3}.passedeven td {background-color: #0A0}.skippedodd td {background-color: #DDD}.skippedeven td {background-color: #CCC}.failedodd td,.attn {background-color: #F33}.failedeven td,.stripe .attn {background-color: #D00}.stacktrace {white-space:pre;font-family:monospace}.totop {font-size:85%;text-align:center;border-bottom:2px solid #000}.invisible {display:none}</style>
</head>
<body>
<table>
<tr><th>Test</th><th># Passed</th><th># Skipped</th><th># Retried</th><th># Failed</th><th>Time (ms)</th><th>Included Groups</th><th>Excluded Groups</th></tr>
<tr><th colspan="8">Surefire suite</th></tr>
<tr><td><a href="#t0">Surefire test</a></td><td class="num">18</td><td class="num">0</td><td class="num">0</td><td class="num attn">4</td><td class="num">332,335</td><td></td><td></td></tr>
</table>
<table id='summary'><thead><tr><th>Class</th><th>Method</th><th>Start</th><th>Time (ms)</th></tr></thead><tbody><tr><th colspan="4">Surefire suite</th></tr></tbody><tbody id="t0"><tr><th colspan="4">Surefire test &#8212; failed</th></tr><tr class="failedeven"><td rowspan="4">org.example.testRunner.runners</td><td><a href="#m0">runScenario</a></td><td rowspan="4">1660285790190</td><td rowspan="4">8440</td></tr><tr class="failedeven"><td><a href="#m1">runScenario</a></td></tr><tr class="failedeven"><td><a href="#m2">runScenario</a></td></tr><tr class="failedeven"><td><a href="#m3">runScenario</a></td></tr><tr><th colspan="4">Surefire test &#8212; passed</th></tr><tr class="passedeven"><td rowspan="18">org.example.testRunner.runners</td><td><a href="#m4">runScenario</a></td><td rowspan="18">1660285502815</td><td rowspan="18">20413</td></tr><tr class="passedeven"><td><a href="#m5">runScenario</a></td></tr><tr class="passedeven"><td><a href="#m6">runScenario</a></td></tr><tr class="passedeven"><td><a href="#m7">runScenario</a></td></tr><tr class="passedeven"><td><a href="#m8">runScenario</a></td></tr><tr class="passedeven"><td><a href="#m9">runScenario</a></td></tr><tr class="passedeven"><td><a href="#m10">runScenario</a></td></tr><tr class="passedeven"><td><a href="#m11">runScenario</a></td></tr><tr class="passedeven"><td><a href="#m12">runScenario</a></td></tr><tr class="passedeven"><td><a href="#m13">runScenario</a></td></tr><tr class="passedeven"><td><a href="#m14">runScenario</a></td></tr><tr class="passedeven"><td><a href="#m15">runScenario</a></td></tr><tr class="passedeven"><td><a href="#m16">runScenario</a></td></tr><tr class="passedeven"><td><a href="#m17">runScenario</a></td></tr><tr class="passedeven"><td><a href="#m18">runScenario</a></td></tr><tr class="passedeven"><td><a href="#m19">runScenario</a></td></tr><tr class="passedeven"><td><a href="#m20">runScenario</a></td></tr><tr class="passedeven"><td><a href="#m21">runScenario</a></td></tr></tbody>
</table>
<h2>Surefire test</h2><h3 id="m0">org.example.testRunner.runners#runScenario</h3><table class="result"><tr class="param"><th>Parameter #1</th><th>Parameter #2</th></tr><tr class="param stripe"><td>&quot;User can navigate to products through slider(2)&quot;</td><td>&quot;Home page slider&quot;</td></tr><tr><th colspan="2">Exception</th></tr><tr><td colspan="2"><div class="stacktrace">java.lang.AssertionError: expected [true] but found [false]
	at org.example.stepDefinitions.sliderStepDefinition.assertURL(sliderStepDefinition.java:24)
	at ✽.user should be directed to &quot;https://demo.nopcommerce.com/iphone-6&quot;(file:///D:/GitHub/Demo-Ecommerce-Testing/src/main/resources/features/Slider.feature:14)
... Removed 4 stack frames</div></td></tr></table><p class="totop"><a href="#summary">back to summary</a></p>
<h3 id="m1">org.example.testRunner.runners#runScenario</h3><table class="result"><tr class="param"><th>Parameter #1</th><th>Parameter #2</th></tr><tr class="param stripe"><td>&quot;User can navigate to products through slider(1)&quot;</td><td>&quot;Home page slider&quot;</td></tr><tr><th colspan="2">Exception</th></tr><tr><td colspan="2"><div class="stacktrace">java.lang.AssertionError: expected [true] but found [false]
	at org.example.stepDefinitions.sliderStepDefinition.assertURL(sliderStepDefinition.java:24)
	at ✽.user should be directed to &quot;https://demo.nopcommerce.com/nokia-lumia-1020&quot;(file:///D:/GitHub/Demo-Ecommerce-Testing/src/main/resources/features/Slider.feature:8)
... Removed 4 stack frames</div></td></tr></table><p class="totop"><a href="#summary">back to summary</a></p>
<h3 id="m2">org.example.testRunner.runners#runScenario</h3><table class="result"><tr class="param"><th>Parameter #1</th><th>Parameter #2</th></tr><tr class="param stripe"><td>&quot;User could follow us on rss&quot;</td><td>&quot;Follow us on social media&quot;</td></tr><tr><th colspan="2">Exception</th></tr><tr><td colspan="2"><div class="stacktrace">java.lang.AssertionError: expected [true] but found [false]
	at org.example.stepDefinitions.followStepDefinition.assertURL(followStepDefinition.java:28)
	at ✽.page url should be &quot;https://demo.nopcommerce.com/new-online-store-is-open&quot;(file:///D:/GitHub/Demo-Ecommerce-Testing/src/main/resources/features/Follow.feature:21)
... Removed 4 stack frames</div></td></tr></table><p class="totop"><a href="#summary">back to summary</a></p>
<h3 id="m3">org.example.testRunner.runners#runScenario</h3><table class="result"><tr class="param"><th>Parameter #1</th><th>Parameter #2</th></tr><tr class="param stripe"><td>&quot;User could register with valid data&quot;</td><td>&quot;Register&quot;</td></tr><tr><th colspan="2">Exception</th></tr><tr><td colspan="2"><div class="stacktrace">org.openqa.selenium.NoSuchElementException: no such element: Unable to locate element: {&quot;method&quot;:&quot;css selector&quot;,&quot;selector&quot;:&quot;div[class=&quot;result&quot;]&quot;}
  (Session info: chrome=104.0.5112.81)
For documentation on this error, please visit: https://selenium.dev/exceptions/#no_such_element
Build info: version: &apos;4.3.0&apos;, revision: &apos;a4995e2c09*&apos;
System info: host: &apos;DESKTOP-QV8H481&apos;, ip: &apos;192.168.56.1&apos;, os.name: &apos;Windows 10&apos;, os.arch: &apos;amd64&apos;, os.version: &apos;10.0&apos;, java.version: &apos;17.0.3&apos;
Driver info: org.openqa.selenium.chrome.ChromeDriver
Command: [35804eec5bc46d335bc227a9e95f3a90, findElement {using=css selector, value=div[class=&quot;result&quot;]}]
Capabilities {acceptInsecureCerts: false, browserName: chrome, browserVersion: 104.0.5112.81, chrome: {chromedriverVersion: 104.0.5112.79 (3cf3e8c8a07d..., userDataDir: C:\Users\ziada\AppData\Loca...}, goog:chromeOptions: {debuggerAddress: localhost:52396}, networkConnectionEnabled: false, pageLoadStrategy: normal, platformName: WINDOWS, proxy: Proxy(), se:cdp: ws://localhost:52396/devtoo..., se:cdpVersion: 104.0.5112.81, setWindowRect: true, strictFileInteractability: false, timeouts: {implicit: 0, pageLoad: 300000, script: 30000}, unhandledPromptBehavior: dismiss and notify, webauthn:extension:credBlob: true, webauthn:extension:largeBlob: true, webauthn:virtualAuthenticators: true}
Session ID: 35804eec5bc46d335bc227a9e95f3a90
	at org.openqa.selenium.remote.codec.w3c.W3CHttpResponseCodec.createException(W3CHttpResponseCodec.java:200)
	at org.openqa.selenium.remote.codec.w3c.W3CHttpResponseCodec.decode(W3CHttpResponseCodec.java:133)
	at org.openqa.selenium.remote.codec.w3c.W3CHttpResponseCodec.decode(W3CHttpResponseCodec.java:53)
	at org.openqa.selenium.remote.HttpCommandExecutor.execute(HttpCommandExecutor.java:184)
	at org.openqa.selenium.remote.service.DriverCommandExecutor.invokeExecute(DriverCommandExecutor.java:167)
	at org.openqa.selenium.remote.service.DriverCommandExecutor.execute(DriverCommandExecutor.java:142)
	at org.openqa.selenium.remote.RemoteWebDriver.execute(RemoteWebDriver.java:569)
	at org.openqa.selenium.remote.ElementLocation$ElementFinder$2.findElement(ElementLocation.java:162)
	at org.openqa.selenium.remote.ElementLocation.findElement(ElementLocation.java:60)
	at org.openqa.selenium.remote.RemoteWebDriver.findElement(RemoteWebDriver.java:387)
	at org.openqa.selenium.remote.RemoteWebDriver.findElement(RemoteWebDriver.java:379)
	at org.example.pages.registerPage.confirmationMessage(registerPage.java:70)
	at org.example.stepDefinitions.registerStepDefinition.assertSucessfulRegistration(registerStepDefinition.java:71)
	at ✽.success message is displayed(file:///D:/GitHub/Demo-Ecommerce-Testing/src/main/resources/features/Register.feature:13)
... Removed 5 stack frames</div></td></tr></table><p class="totop"><a href="#summary">back to summary</a></p>
<h3 id="m4">org.example.testRunner.runners#runScenario</h3><table class="result"><tr class="param"><th>Parameter #1</th><th>Parameter #2</th></tr><tr class="param stripe"><td>&quot;Logged user could select different Categories&quot;</td><td>&quot;Category&quot;</td></tr></table><p class="totop"><a href="#summary">back to summary</a></p>
<h3 id="m5">org.example.testRunner.runners#runScenario</h3><table class="result"><tr class="param"><th>Parameter #1</th><th>Parameter #2</th></tr><tr class="param stripe"><td>&quot;User could follow us on twitter&quot;</td><td>&quot;Follow us on social media&quot;</td></tr></table><p class="totop"><a href="#summary">back to summary</a></p>
<h3 id="m6">org.example.testRunner.runners#runScenario</h3><table class="result"><tr class="param"><th>Parameter #1</th><th>Parameter #2</th></tr><tr class="param stripe"><td>&quot;Logged user could search for product using sku&quot;</td><td>&quot;Product search&quot;</td></tr></table><p class="totop"><a href="#summary">back to summary</a></p>
<h3 id="m7">org.example.testRunner.runners#runScenario</h3><table class="result"><tr class="param"><th>Parameter #1</th><th>Parameter #2</th></tr><tr class="param stripe"><td>&quot;User could reset his/her password successfully&quot;</td><td>&quot;Resetting password&quot;</td></tr></table><p class="totop"><a href="#summary">back to summary</a></p>
<h3 id="m8">org.example.testRunner.runners#runScenario</h3><table class="result"><tr class="param"><th>Parameter #1</th><th>Parameter #2</th></tr><tr class="param stripe"><td>&quot;Logged user could search for product using sku&quot;</td><td>&quot;Product search&quot;</td></tr></table><p class="totop"><a href="#summary">back to summary</a></p>
<h3 id="m9">org.example.testRunner.runners#runScenario</h3><table class="result"><tr class="param"><th>Parameter #1</th><th>Parameter #2</th></tr><tr class="param stripe"><td>&quot;Logged user could add different products to Shopping cart(1)&quot;</td><td>&quot;Shopping cart&quot;</td></tr></table><p class="totop"><a href="#summary">back to summary</a></p>
<h3 id="m10">org.example.testRunner.runners#runScenario</h3><table class="result"><tr class="param"><th>Parameter #1</th><th>Parameter #2</th></tr><tr class="param stripe"><td>&quot;Logged user could add different products to Wishlist(2)&quot;</td><td>&quot;Wishlist&quot;</td></tr></table><p class="totop"><a href="#summary">back to summary</a></p>
<h3 id="m11">org.example.testRunner.runners#runScenario</h3><table class="result"><tr class="param"><th>Parameter #1</th><th>Parameter #2</th></tr><tr class="param stripe"><td>&quot;User could change the currency&quot;</td><td>&quot;Currencies&quot;</td></tr></table><p class="totop"><a href="#summary">back to summary</a></p>
<h3 id="m12">org.example.testRunner.runners#runScenario</h3><table class="result"><tr class="param"><th>Parameter #1</th><th>Parameter #2</th></tr><tr class="param stripe"><td>&quot;User could login with invalid email and password&quot;</td><td>&quot;Login&quot;</td></tr></table><p class="totop"><a href="#summary">back to summary</a></p>
<h3 id="m13">org.example.testRunner.runners#runScenario</h3><table class="result"><tr class="param"><th>Parameter #1</th><th>Parameter #2</th></tr><tr class="param stripe"><td>&quot;Logged user could search using product name&quot;</td><td>&quot;Product search&quot;</td></tr></table><p class="totop"><a href="#summary">back to summary</a></p>
<h3 id="m14">org.example.testRunner.runners#runScenario</h3><table class="result"><tr class="param"><th>Parameter #1</th><th>Parameter #2</th></tr><tr class="param stripe"><td>&quot;Logged user could add different products to Wishlist(1)&quot;</td><td>&quot;Wishlist&quot;</td></tr></table><p class="totop"><a href="#summary">back to summary</a></p>
<h3 id="m15">org.example.testRunner.runners#runScenario</h3><table class="result"><tr class="param"><th>Parameter #1</th><th>Parameter #2</th></tr><tr class="param stripe"><td>&quot;Logged user could search using product name&quot;</td><td>&quot;Product search&quot;</td></tr></table><p class="totop"><a href="#summary">back to summary</a></p>
<h3 id="m16">org.example.testRunner.runners#runScenario</h3><table class="result"><tr class="param"><th>Parameter #1</th><th>Parameter #2</th></tr><tr class="param stripe"><td>&quot;User could follow us on facebook&quot;</td><td>&quot;Follow us on social media&quot;</td></tr></table><p class="totop"><a href="#summary">back to summary</a></p>
<h3 id="m17">org.example.testRunner.runners#runScenario</h3><table class="result"><tr class="param"><th>Parameter #1</th><th>Parameter #2</th></tr><tr class="param stripe"><td>&quot;Logged user could add different products to Wishlist(2)&quot;</td><td>&quot;Shopping cart&quot;</td></tr></table><p class="totop"><a href="#summary">back to summary</a></p>
<h3 id="m18">org.example.testRunner.runners#runScenario</h3><table class="result"><tr class="param"><th>Parameter #1</th><th>Parameter #2</th></tr><tr class="param stripe"><td>&quot;User could log in with valid email and password&quot;</td><td>&quot;Login&quot;</td></tr></table><p class="totop"><a href="#summary">back to summary</a></p>
<h3 id="m19">org.example.testRunner.runners#runScenario</h3><table class="result"><tr class="param"><th>Parameter #1</th><th>Parameter #2</th></tr><tr class="param stripe"><td>&quot;Logged user could search using product name&quot;</td><td>&quot;Product search&quot;</td></tr></table><p class="totop"><a href="#summary">back to summary</a></p>
<h3 id="m20">org.example.testRunner.runners#runScenario</h3><table class="result"><tr class="param"><th>Parameter #1</th><th>Parameter #2</th></tr><tr class="param stripe"><td>&quot;User could follow us on youtube&quot;</td><td>&quot;Follow us on social media&quot;</td></tr></table><p class="totop"><a href="#summary">back to summary</a></p>
<h3 id="m21">org.example.testRunner.runners#runScenario</h3><table class="result"><tr class="param"><th>Parameter #1</th><th>Parameter #2</th></tr><tr class="param stripe"><td>&quot;Logged user could search for product using sku&quot;</td><td>&quot;Product search&quot;</td></tr></table><p class="totop"><a href="#summary">back to summary</a></p>
</body>
</html>
